<?xml version="1.0" encoding="UTF-8"?>
<testsuite xmlns:xsi="http://www.w3.org/2001/XMLSchema-instance" xsi:noNamespaceSchemaLocation="https://maven.apache.org/surefire/maven-surefire-plugin/xsd/surefire-test-report-3.0.xsd" version="3.0" name="com.ncu.carbon.authservice.AuthControllerTest" time="5.937" tests="1" errors="0" skipped="0" failures="0">
  <properties>
[...]
</properties>
  <testcase name="signupAndLoginFlow" classname="com.ncu.carbon.authservice.AuthControllerTest" time="0.774">
    <system-out><![CDATA[19:23:26.659 [main] DEBUG org.springframework.test.context.BootstrapUtils - Instantiating CacheAwareContextLoaderDelegate from class [org.springframework.test.context.cache.DefaultCacheAwareContextLoaderDelegate]
19:23:26.674 [main] DEBUG org.springframework.test.context.BootstrapUtils - Instantiating BootstrapContext using constructor [public org.springframework.test.context.support.DefaultBootstrapContext(java.lang.Class,org.springframework.test.context.CacheAwareContextLoaderDelegate)]
19:23:26.746 [main] DEBUG org.springframework.test.context.BootstrapUtils - Instantiating TestContextBootstrapper for test class [com.ncu.carbon.authservice.AuthControllerTest] from class [org.springframework.boot.test.context.SpringBootTestContextBootstrapper]
19:23:26.762 [main] INFO org.springframework.boot.test.context.SpringBootTestContextBootstrapper - Neither @ContextConfiguration nor @ContextHierarchy found for test class [com.ncu.carbon.authservice.AuthControllerTest], using SpringBootContextLoader
19:23:26.767 [main] DEBUG org.springframework.test.context.support.AbstractContextLoader - Did not detect default resource location for test class [com.ncu.carbon.authservice.AuthControllerTest]: class path resource [com/ncu/carbon/authservice/AuthControllerTest-context.xml] does not exist
19:23:26.768 [main] DEBUG org.springframework.test.context.support.AbstractContextLoader - Did not detect default resource location for test class [com.ncu.carbon.authservice.AuthControllerTest]: class path resource [com/ncu/carbon/authservice/AuthControllerTestContext.groovy] does not exist
19:23:26.768 [main] INFO org.springframework.test.context.support.AbstractContextLoader - Could not detect default resource locations for test class [com.ncu.carbon.authservice.AuthControllerTest]: no resource found for suffixes {-context.xml, Context.groovy}.
19:23:26.769 [main] INFO org.springframework.test.context.support.AnnotationConfigContextLoaderUtils - Could not detect default configuration classes for test class [com.ncu.carbon.authservice.AuthControllerTest]: AuthControllerTest does not declare any static, non-private, non-final, nested classes annotated with @Configuration.
19:23:26.852 [main] DEBUG org.springframework.test.context.support.ActiveProfilesUtils - Could not find an 'annotation declaring class' for annotation type [org.springframework.test.context.ActiveProfiles] and class [com.ncu.carbon.authservice.AuthControllerTest]
19:23:26.962 [main] DEBUG org.springframework.context.annotation.ClassPathScanningCandidateComponentProvider - Identified candidate component class: file [C:\Users\yashs\Downloads\class13\carboncredit\authservice\target\classes\com\ncu\carbon\authservice\AuthServiceApplication.class]
19:23:26.964 [main] INFO org.springframework.boot.test.context.SpringBootTestContextBootstrapper - Found @SpringBootConfiguration com.ncu.carbon.authservice.AuthServiceApplication for test class com.ncu.carbon.authservice.AuthControllerTest
19:23:27.126 [main] DEBUG org.springframework.boot.test.context.SpringBootTestContextBootstrapper - @TestExecutionListeners is not present for class [com.ncu.carbon.authservice.AuthControllerTest]: using defaults.
19:23:27.127 [main] INFO org.springframework.boot.test.context.SpringBootTestContextBootstrapper - Loaded default TestExecutionListener class names from location [META-INF/spring.factories]: [org.springframework.boot.test.mock.mockito.MockitoTestExecutionListener, org.springframework.boot.test.mock.mockito.ResetMocksTestExecutionListener, org.springframework.boot.test.autoconfigure.restdocs.RestDocsTestExecutionListener, org.springframework.boot.test.autoconfigure.web.client.MockRestServiceServerResetTestExecutionListener, org.springframework.boot.test.autoconfigure.web.servlet.MockMvcPrintOnlyOnFailureTestExecutionListener, org.springframework.boot.test.autoconfigure.web.servlet.WebDriverTestExecutionListener, org.springframework.boot.test.autoconfigure.webservices.client.MockWebServiceServerTestExecutionListener, org.springframework.test.context.web.ServletTestExecutionListener, org.springframework.test.context.support.DirtiesContextBeforeModesTestExecutionListener, org.springframework.test.context.event.ApplicationEventsTestExecutionListener, org.springframework.test.context.support.DependencyInjectionTestExecutionListener, org.springframework.test.context.support.DirtiesContextTestExecutionListener, org.springframework.test.context.transaction.TransactionalTestExecutionListener, org.springframework.test.context.jdbc.SqlScriptsTestExecutionListener, org.springframework.test.context.event.EventPublishingTestExecutionListener, org.springframework.security.test.context.support.WithSecurityContextTestExecutionListener, org.springframework.security.test.context.support.ReactorContextTestExecutionListener]
19:23:27.156 [main] INFO org.springframework.boot.test.context.SpringBootTestContextBootstrapper - Using TestExecutionListeners: [org.springframework.test.context.web.ServletTestExecutionListener@36060e, org.springframework.test.context.support.DirtiesContextBeforeModesTestExecutionListener@481ba2cf, org.springframework.test.context.event.ApplicationEventsTestExecutionListener@46b61c56, org.springframework.boot.test.mock.mockito.MockitoTestExecutionListener@2e48362c, org.springframework.boot.test.autoconfigure.SpringBootDependencyInjectionTestExecutionListener@1efe439d, org.springframework.test.context.support.DirtiesContextTestExecutionListener@be68757, org.springframework.test.context.transaction.TransactionalTestExecutionListener@7d446ed1, org.springframework.test.context.jdbc.SqlScriptsTestExecutionListener@12d2ce03, org.springframework.test.context.event.EventPublishingTestExecutionListener@7e5c856f, org.springframework.security.test.context.support.WithSecurityContextTestExecutionListener@413f69cc, org.springframework.security.test.context.support.ReactorContextTestExecutionListener@1f53a5dc, org.springframework.boot.test.mock.mockito.ResetMocksTestExecutionListener@1b75c2e3, org.springframework.boot.test.autoconfigure.restdocs.RestDocsTestExecutionListener@1984b1f, org.springframework.boot.test.autoconfigure.web.client.MockRestServiceServerResetTestExecutionListener@3bd323e9, org.springframework.boot.test.autoconfigure.web.servlet.MockMvcPrintOnlyOnFailureTestExecutionListener@39ac0c0a, org.springframework.boot.test.autoconfigure.web.servlet.WebDriverTestExecutionListener@c7ba306, org.springframework.boot.test.autoconfigure.webservices.client.MockWebServiceServerTestExecutionListener@4ff8d125]
19:23:27.162 [main] DEBUG org.springframework.test.context.support.AbstractDirtiesContextTestExecutionListener - Before test class: context [DefaultTestContext@59a008ba testClass = AuthControllerTest, testInstance = [null], testMethod = [null], testException = [null], mergedContextConfiguration = [WebMergedContextConfiguration@338c99c8 testClass = AuthControllerTest, locations = '{}', classes = '{class com.ncu.carbon.authservice.AuthServiceApplication}', contextInitializerClasses = '[]', activeProfiles = '{}', propertySourceLocations = '{}', propertySourceProperties = '{org.springframework.boot.test.context.SpringBootTestContextBootstrapper=true, server.port=0}', contextCustomizers = set[org.springframework.boot.test.context.filter.ExcludeFilterContextCustomizer@31e5415e, org.springframework.boot.test.json.DuplicateJsonObjectContextCustomizerFactory$DuplicateJsonObjectContextCustomizer@306f16f3, org.springframework.boot.test.mock.mockito.MockitoContextCustomizer@0, org.springframework.boot.test.web.client.TestRestTemplateContextCustomizer@2df9b86, org.springframework.boot.test.autoconfigure.actuate.metrics.MetricsExportContextCustomizerFactory$DisableMetricExportContextCustomizer@10feca44, org.springframework.boot.test.autoconfigure.properties.PropertyMappingContextCustomizer@0, org.springframework.boot.test.autoconfigure.web.servlet.WebDriverContextCustomizerFactory$Customizer@71238fc2, org.springframework.boot.test.context.SpringBootTestArgs@1, org.springframework.boot.test.context.SpringBootTestWebEnvironment@12f41634], resourceBasePath = 'src/main/webapp', contextLoader = 'org.springframework.boot.test.context.SpringBootContextLoader', parent = [null]], attributes = map['org.springframework.test.context.web.ServletTestExecutionListener.activateListener' -> false]], class annotated with @DirtiesContext [false] with mode [null].
19:23:27.180 [main] DEBUG org.springframework.test.context.support.DependencyInjectionTestExecutionListener - Performing dependency injection for test context [[DefaultTestContext@59a008ba testClass = AuthControllerTest, testInstance = com.ncu.carbon.authservice.AuthControllerTest@1c93f6e1, testMethod = [null], testException = [null], mergedContextConfiguration = [WebMergedContextConfiguration@338c99c8 testClass = AuthControllerTest, locations = '{}', classes = '{class com.ncu.carbon.authservice.AuthServiceApplication}', contextInitializerClasses = '[]', activeProfiles = '{}', propertySourceLocations = '{}', propertySourceProperties = '{org.springframework.boot.test.context.SpringBootTestContextBootstrapper=true, server.port=0}', contextCustomizers = set[org.springframework.boot.test.context.filter.ExcludeFilterContextCustomizer@31e5415e, org.springframework.boot.test.json.DuplicateJsonObjectContextCustomizerFactory$DuplicateJsonObjectContextCustomizer@306f16f3, org.springframework.boot.test.mock.mockito.MockitoContextCustomizer@0, org.springframework.boot.test.web.client.TestRestTemplateContextCustomizer@2df9b86, org.springframework.boot.test.autoconfigure.actuate.metrics.MetricsExportContextCustomizerFactory$DisableMetricExportContextCustomizer@10feca44, org.springframework.boot.test.autoconfigure.properties.PropertyMappingContextCustomizer@0, org.springframework.boot.test.autoconfigure.web.servlet.WebDriverContextCustomizerFactory$Customizer@71238fc2, org.springframework.boot.test.context.SpringBootTestArgs@1, org.springframework.boot.test.context.SpringBootTestWebEnvironment@12f41634], resourceBasePath = 'src/main/webapp', contextLoader = 'org.springframework.boot.test.context.SpringBootContextLoader', parent = [null]], attributes = map['org.springframework.test.context.web.ServletTestExecutionListener.activateListener' -> false, 'org.springframework.test.context.event.ApplicationEventsTestExecutionListener.recordApplicationEvents' -> false]]].

  .   ____          _            __ _ _
 /\\ / ___'_ __ _ _(_)_ __  __ _ \ \ \ \
( ( )\___ | '_ | '_| | '_ \/ _` | \ \ \ \
 \\/  ___)| |_)| | | | | || (_| |  ) ) ) )
  '  |____| .__|_| |_|_| |_\__, | / / / /
 =========|_|==============|___/=/_/_/_/
 :: Spring Boot ::               (v2.7.12)

2025-11-04 19:23:27.796  INFO 1600 --- [           main] c.n.c.authservice.AuthControllerTest     : Starting AuthControllerTest using Java 24.0.1 on Yash_Laptop with PID 1600 (started by yashs in C:\Users\yashs\Downloads\class13\carboncredit\authservice)
2025-11-04 19:23:27.798  INFO 1600 --- [           main] c.n.c.authservice.AuthControllerTest     : No active profile set, falling back to 1 default profile: "default"
2025-11-04 19:23:29.864  INFO 1600 --- [           main] o.s.b.w.embedded.tomcat.TomcatWebServer  : Tomcat initialized with port(s): 0 (http)
2025-11-04 19:23:29.888  INFO 1600 --- [           main] o.apache.catalina.core.StandardService   : Starting service [Tomcat]
2025-11-04 19:23:29.888  INFO 1600 --- [           main] org.apache.catalina.core.StandardEngine  : Starting Servlet engine: [Apache Tomcat/9.0.75]
2025-11-04 19:23:30.118  INFO 1600 --- [           main] o.a.c.c.C.[Tomcat].[localhost].[/]       : Initializing Spring embedded WebApplicationContext
2025-11-04 19:23:30.118  INFO 1600 --- [           main] w.s.c.ServletWebServerApplicationContext : Root WebApplicationContext: initialization completed in 2282 ms
2025-11-04 19:23:30.224  INFO 1600 --- [           main] com.zaxxer.hikari.HikariDataSource       : HikariPool-1 - Starting...
2025-11-04 19:23:30.428  INFO 1600 --- [           main] com.zaxxer.hikari.HikariDataSource       : HikariPool-1 - Start completed.
2025-11-04 19:23:30.443  INFO 1600 --- [           main] o.s.b.a.h2.H2ConsoleAutoConfiguration    : H2 console available at '/h2-console'. Database available at 'jdbc:h2:mem:authdb'
2025-11-04 19:23:30.833  WARN 1600 --- [           main] .s.s.UserDetailsServiceAutoConfiguration : 

Using generated security password: 339a8dfb-3cb7-4634-8ce9-91f3f44fbdcb

This generated password is for development use only. Your security configuration must be updated before running your application in production.

2025-11-04 19:23:31.041  INFO 1600 --- [           main] o.s.s.web.DefaultSecurityFilterChain     : Will secure any request with [org.springframework.security.web.session.DisableEncodeUrlFilter@31aab981, org.springframework.security.web.context.request.async.WebAsyncManagerIntegrationFilter@26be9a6, org.springframework.security.web.context.SecurityContextPersistenceFilter@2d313c8c, org.springframework.security.web.header.HeaderWriterFilter@6403a4a5, org.springframework.security.web.authentication.logout.LogoutFilter@77cca767, com.ncu.carbon.authservice.security.JwtFilter@2173a742, org.springframework.security.web.savedrequest.RequestCacheAwareFilter@7c1503a3, org.springframework.security.web.servletapi.SecurityContextHolderAwareRequestFilter@586495f1, org.springframework.security.web.authentication.AnonymousAuthenticationFilter@4d518c66, org.springframework.security.web.session.SessionManagementFilter@2b877a54, org.springframework.security.web.access.ExceptionTranslationFilter@61b65d54, org.springframework.security.web.access.intercept.FilterSecurityInterceptor@756b2d90]
2025-11-04 19:23:31.709  INFO 1600 --- [           main] o.s.b.w.embedded.tomcat.TomcatWebServer  : Tomcat started on port(s): 62908 (http) with context path ''
2025-11-04 19:23:31.719  INFO 1600 --- [           main] c.n.c.authservice.AuthControllerTest     : Started AuthControllerTest in 4.485 seconds (JVM running for 6.162)
2025-11-04 19:23:32.141  INFO 1600 --- [o-auto-1-exec-2] o.a.c.c.C.[Tomcat].[localhost].[/]       : Initializing Spring DispatcherServlet 'dispatcherServlet'
2025-11-04 19:23:32.141  INFO 1600 --- [o-auto-1-exec-2] o.s.web.servlet.DispatcherServlet        : Initializing Servlet 'dispatcherServlet'
2025-11-04 19:23:32.142  INFO 1600 --- [o-auto-1-exec-2] o.s.web.servlet.DispatcherServlet        : Completed initialization in 1 ms
]]></system-out>
  </testcase>
</testsuite>